-------------------------------------------------------------------------------
>Log Session: Tuesday, May 17, 2016 1:48:51 PM CEST
>System Info: 
  Product Version         = AsteroidsNetbeansModules 201510222201
  Operating System        = Mac OS X version 10.11.4 running on x86_64
  Java; VM; Vendor        = 1.8.0_60; Java HotSpot(TM) 64-Bit Server VM 25.60-b23; Oracle Corporation
  Runtime                 = Java(TM) SE Runtime Environment 1.8.0_60-b27
  Java Home               = /Library/Java/JavaVirtualMachines/jdk1.8.0_60.jdk/Contents/Home/jre
  System Locale; Encoding = da_DK (asteroidsnetbeansmodules); UTF-8
  Home Directory          = /Users/casperbeese
  Current Directory       = /Users/casperbeese/AsteroidsCasni14/application
  User Directory          = /Users/casperbeese/AsteroidsCasni14/application/target/userdir
  Cache Directory         = /Users/casperbeese/AsteroidsCasni14/application/target/userdir/var/cache
  Installation            = /Users/casperbeese/AsteroidsCasni14/application/target/asteroidsnetbeansmodules/asteroidsnetbeansmodules
                            /Users/casperbeese/AsteroidsCasni14/application/target/asteroidsnetbeansmodules/bin
                            /Users/casperbeese/AsteroidsCasni14/application/target/asteroidsnetbeansmodules/etc
                            /Users/casperbeese/AsteroidsCasni14/application/target/asteroidsnetbeansmodules/extra
                            /Users/casperbeese/AsteroidsCasni14/application/target/asteroidsnetbeansmodules/platform
                            /Users/casperbeese/AsteroidsCasni14/application/target/asteroidsnetbeansmodules/platform
  Boot & Ext. Classpath   = /Library/Java/JavaVirtualMachines/jdk1.8.0_60.jdk/Contents/Home/jre/lib/resources.jar:/Library/Java/JavaVirtualMachines/jdk1.8.0_60.jdk/Contents/Home/jre/lib/rt.jar:/Library/Java/JavaVirtualMachines/jdk1.8.0_60.jdk/Contents/Home/jre/lib/sunrsasign.jar:/Library/Java/JavaVirtualMachines/jdk1.8.0_60.jdk/Contents/Home/jre/lib/jsse.jar:/Library/Java/JavaVirtualMachines/jdk1.8.0_60.jdk/Contents/Home/jre/lib/jce.jar:/Library/Java/JavaVirtualMachines/jdk1.8.0_60.jdk/Contents/Home/jre/lib/charsets.jar:/Library/Java/JavaVirtualMachines/jdk1.8.0_60.jdk/Contents/Home/jre/lib/jfr.jar:/Library/Java/JavaVirtualMachines/jdk1.8.0_60.jdk/Contents/Home/jre/classes:/Library/Java/JavaVirtualMachines/jdk1.8.0_60.jdk/Contents/Home/jre/lib/ext/cldrdata.jar:/Library/Java/JavaVirtualMachines/jdk1.8.0_60.jdk/Contents/Home/jre/lib/ext/dnsns.jar:/Library/Java/JavaVirtualMachines/jdk1.8.0_60.jdk/Contents/Home/jre/lib/ext/jaccess.jar:/Library/Java/JavaVirtualMachines/jdk1.8.0_60.jdk/Contents/Home/jre/lib/ext/jfxrt.jar:/Library/Java/JavaVirtualMachines/jdk1.8.0_60.jdk/Contents/Home/jre/lib/ext/localedata.jar:/Library/Java/JavaVirtualMachines/jdk1.8.0_60.jdk/Contents/Home/jre/lib/ext/nashorn.jar:/Library/Java/JavaVirtualMachines/jdk1.8.0_60.jdk/Contents/Home/jre/lib/ext/sunec.jar:/Library/Java/JavaVirtualMachines/jdk1.8.0_60.jdk/Contents/Home/jre/lib/ext/sunjce_provider.jar:/Library/Java/JavaVirtualMachines/jdk1.8.0_60.jdk/Contents/Home/jre/lib/ext/sunpkcs11.jar:/Library/Java/JavaVirtualMachines/jdk1.8.0_60.jdk/Contents/Home/jre/lib/ext/zipfs.jar:/System/Library/Java/Extensions/AppleScriptEngine.jar:/System/Library/Java/Extensions/dns_sd.jar:/System/Library/Java/Extensions/j3daudio.jar:/System/Library/Java/Extensions/j3dcore.jar:/System/Library/Java/Extensions/j3dutils.jar:/System/Library/Java/Extensions/jai_codec.jar:/System/Library/Java/Extensions/jai_core.jar:/System/Library/Java/Extensions/mlibwrapper_jai.jar:/System/Library/Java/Extensions/MRJToolkit.jar:/System/Library/Java/Extensions/vecmath.jar
  Application Classpath   = /Users/casperbeese/AsteroidsCasni14/application/target/asteroidsnetbeansmodules/platform/lib/boot.jar:/Users/casperbeese/AsteroidsCasni14/application/target/asteroidsnetbeansmodules/platform/lib/org-openide-modules.jar:/Users/casperbeese/AsteroidsCasni14/application/target/asteroidsnetbeansmodules/platform/lib/org-openide-util-lookup.jar:/Users/casperbeese/AsteroidsCasni14/application/target/asteroidsnetbeansmodules/platform/lib/org-openide-util-ui.jar:/Users/casperbeese/AsteroidsCasni14/application/target/asteroidsnetbeansmodules/platform/lib/org-openide-util.jar:/Users/casperbeese/AsteroidsCasni14/application/target/asteroidsnetbeansmodules/platform/lib/locale/boot_ja.jar:/Users/casperbeese/AsteroidsCasni14/application/target/asteroidsnetbeansmodules/platform/lib/locale/boot_pt_BR.jar:/Users/casperbeese/AsteroidsCasni14/application/target/asteroidsnetbeansmodules/platform/lib/locale/boot_ru.jar:/Users/casperbeese/AsteroidsCasni14/application/target/asteroidsnetbeansmodules/platform/lib/locale/boot_zh_CN.jar:/Users/casperbeese/AsteroidsCasni14/application/target/asteroidsnetbeansmodules/platform/lib/locale/org-openide-modules_ja.jar:/Users/casperbeese/AsteroidsCasni14/application/target/asteroidsnetbeansmodules/platform/lib/locale/org-openide-modules_pt_BR.jar:/Users/casperbeese/AsteroidsCasni14/application/target/asteroidsnetbeansmodules/platform/lib/locale/org-openide-modules_ru.jar:/Users/casperbeese/AsteroidsCasni14/application/target/asteroidsnetbeansmodules/platform/lib/locale/org-openide-modules_zh_CN.jar:/Users/casperbeese/AsteroidsCasni14/application/target/asteroidsnetbeansmodules/platform/lib/locale/org-openide-util-lookup_ja.jar:/Users/casperbeese/AsteroidsCasni14/application/target/asteroidsnetbeansmodules/platform/lib/locale/org-openide-util-lookup_pt_BR.jar:/Users/casperbeese/AsteroidsCasni14/application/target/asteroidsnetbeansmodules/platform/lib/locale/org-openide-util-lookup_ru.jar:/Users/casperbeese/AsteroidsCasni14/application/target/asteroidsnetbeansmodules/platform/lib/locale/org-openide-util-lookup_zh_CN.jar:/Users/casperbeese/AsteroidsCasni14/application/target/asteroidsnetbeansmodules/platform/lib/locale/org-openide-util-ui_ja.jar:/Users/casperbeese/AsteroidsCasni14/application/target/asteroidsnetbeansmodules/platform/lib/locale/org-openide-util-ui_pt_BR.jar:/Users/casperbeese/AsteroidsCasni14/application/target/asteroidsnetbeansmodules/platform/lib/locale/org-openide-util-ui_ru.jar:/Users/casperbeese/AsteroidsCasni14/application/target/asteroidsnetbeansmodules/platform/lib/locale/org-openide-util-ui_zh_CN.jar:/Users/casperbeese/AsteroidsCasni14/application/target/asteroidsnetbeansmodules/platform/lib/locale/org-openide-util_ja.jar:/Users/casperbeese/AsteroidsCasni14/application/target/asteroidsnetbeansmodules/platform/lib/locale/org-openide-util_pt_BR.jar:/Users/casperbeese/AsteroidsCasni14/application/target/asteroidsnetbeansmodules/platform/lib/locale/org-openide-util_ru.jar:/Users/casperbeese/AsteroidsCasni14/application/target/asteroidsnetbeansmodules/platform/lib/locale/org-openide-util_zh_CN.jar:/Library/Java/JavaVirtualMachines/jdk1.8.0_60.jdk/Contents/Home/lib/dt.jar:/Library/Java/JavaVirtualMachines/jdk1.8.0_60.jdk/Contents/Home/lib/tools.jar
  Startup Classpath       = /Users/casperbeese/AsteroidsCasni14/application/target/asteroidsnetbeansmodules/platform/core/asm-all-5.0.1.jar:/Users/casperbeese/AsteroidsCasni14/application/target/asteroidsnetbeansmodules/platform/core/core-base.jar:/Users/casperbeese/AsteroidsCasni14/application/target/asteroidsnetbeansmodules/platform/core/core.jar:/Users/casperbeese/AsteroidsCasni14/application/target/asteroidsnetbeansmodules/platform/core/org-netbeans-libs-asm.jar:/Users/casperbeese/AsteroidsCasni14/application/target/asteroidsnetbeansmodules/platform/core/org-openide-filesystems-compat8.jar:/Users/casperbeese/AsteroidsCasni14/application/target/asteroidsnetbeansmodules/platform/core/org-openide-filesystems.jar:/Users/casperbeese/AsteroidsCasni14/application/target/asteroidsnetbeansmodules/platform/core/locale/core-base_ja.jar:/Users/casperbeese/AsteroidsCasni14/application/target/asteroidsnetbeansmodules/platform/core/locale/core-base_pt_BR.jar:/Users/casperbeese/AsteroidsCasni14/application/target/asteroidsnetbeansmodules/platform/core/locale/core-base_ru.jar:/Users/casperbeese/AsteroidsCasni14/application/target/asteroidsnetbeansmodules/platform/core/locale/core-base_zh_CN.jar:/Users/casperbeese/AsteroidsCasni14/application/target/asteroidsnetbeansmodules/platform/core/locale/core_ja.jar:/Users/casperbeese/AsteroidsCasni14/application/target/asteroidsnetbeansmodules/platform/core/locale/core_pt_BR.jar:/Users/casperbeese/AsteroidsCasni14/application/target/asteroidsnetbeansmodules/platform/core/locale/core_ru.jar:/Users/casperbeese/AsteroidsCasni14/application/target/asteroidsnetbeansmodules/platform/core/locale/core_zh_CN.jar:/Users/casperbeese/AsteroidsCasni14/application/target/asteroidsnetbeansmodules/platform/core/locale/org-netbeans-libs-asm_ja.jar:/Users/casperbeese/AsteroidsCasni14/application/target/asteroidsnetbeansmodules/platform/core/locale/org-netbeans-libs-asm_pt_BR.jar:/Users/casperbeese/AsteroidsCasni14/application/target/asteroidsnetbeansmodules/platform/core/locale/org-netbeans-libs-asm_ru.jar:/Users/casperbeese/AsteroidsCasni14/application/target/asteroidsnetbeansmodules/platform/core/locale/org-netbeans-libs-asm_zh_CN.jar:/Users/casperbeese/AsteroidsCasni14/application/target/asteroidsnetbeansmodules/platform/core/locale/org-openide-filesystems-compat8_ja.jar:/Users/casperbeese/AsteroidsCasni14/application/target/asteroidsnetbeansmodules/platform/core/locale/org-openide-filesystems-compat8_pt_BR.jar:/Users/casperbeese/AsteroidsCasni14/application/target/asteroidsnetbeansmodules/platform/core/locale/org-openide-filesystems-compat8_ru.jar:/Users/casperbeese/AsteroidsCasni14/application/target/asteroidsnetbeansmodules/platform/core/locale/org-openide-filesystems-compat8_zh_CN.jar:/Users/casperbeese/AsteroidsCasni14/application/target/asteroidsnetbeansmodules/platform/core/locale/org-openide-filesystems_ja.jar:/Users/casperbeese/AsteroidsCasni14/application/target/asteroidsnetbeansmodules/platform/core/locale/org-openide-filesystems_pt_BR.jar:/Users/casperbeese/AsteroidsCasni14/application/target/asteroidsnetbeansmodules/platform/core/locale/org-openide-filesystems_ru.jar:/Users/casperbeese/AsteroidsCasni14/application/target/asteroidsnetbeansmodules/platform/core/locale/org-openide-filesystems_zh_CN.jar:/Users/casperbeese/AsteroidsCasni14/application/target/asteroidsnetbeansmodules/asteroidsnetbeansmodules/core/locale/core_asteroidsnetbeansmodules.jar
-------------------------------------------------------------------------------
INFO [org.netbeans.modules.netbinox]: Install area set to file:/Users/casperbeese/AsteroidsCasni14/application/target/asteroidsnetbeansmodules/
INFO [org.netbeans.core.netigso.Netigso]: Cannot load service class
INFO [null]: Last record repeated 8 more times.
INFO [org.netbeans.core.startup.NbEvents]: Turning on modules:
	org.openide.util.lookup [8.32.1 201510222201]
	org.openide.util [9.5.1 201510222201]
	org.openide.util.ui [9.4.1 201510222201]
	org.openide.modules [7.47.1 201510222201]
	org.netbeans.api.annotations.common/1 [1.26.1 201510222201]
	org.openide.filesystems [9.8.1 201510222201]
	org.netbeans.api.intent [1.1.1 201510222201]
	org.netbeans.api.io [1.2.1 201510222201]
	org.openide.io [1.48.1 201510222201]
	org.openide.filesystems.compat8 [9.7.1 201510222201]
	org.openide.awt [7.65.1 201510222201]
	org.netbeans.libs.asm [5.2.1 201510222201]
	org.netbeans.bootstrap/1 [2.74.1 201510222201]
	org.netbeans.core.startup.base [1.61.1.1 1 201510222201]
	org.netbeans.core.startup/1 [1.61.1.1 201510222201]
	org.netbeans.libs.osgi [1.20.1 201510222201]
	org.netbeans.core.netigso [1.30.1 201510222201]
	org.netbeans.modules.netbinox [1.39.1 201510222201]
	org.netbeans.api.progress/1 [1.46.1 201510222201]
	org.netbeans.api.progress.nb [1.46.1 201510222201]
	org.netbeans.modules.autoupdate.services [1.51.1 201510222201]
	org.apache.felix.scr [1.8.2 1.8.2]
	dk.sdu.mmmi.cbse.Spring [1.0 1.0-20160513 201605130130]
	dk.sdu.mmmi.cbse.SilentUpdate [1.0 1.0-20160513 201605130130]
	dk.sdu.mmmi.cbse.Common [1.0 1.0-20160513 201605130130]
	dk.sdu.mmmi.cbse.Player [1.0 1.0-20160513 201605130130]
	dk.sdu.mmmi.cbse.ParticleInitialiser [1.0.0 1.0.0.SNAPSHOT]
	dk.sdu.mmmi.cbse.Particle [1.0.0 1.0.0.SNAPSHOT]
	dk.sdu.mmmi.cbse.MovementOSGi [1.0.0 1.0.0.SNAPSHOT]
	dk.sdu.mmmi.cbse.Launcher [1.0 1.0-20160513 201605130130]
	dk.sdu.mmmi.cbse.Enemy [1.0 1.0-20160513 201605130130]
	dk.sdu.mmmi.cbse.Core [1.0 1.0-20160513 201605130130]
	dk.sdu.mmmi.cbse.Collision [1.0 1.0-20160513 201605130130]
	dk.sdu.mmmi.cbse.Bullet [1.0 1.0-20160513 201605130130]
	dk.sdu.mmmi.cbse.AsteroidsNetbeansModules.branding [1.0 1.0-20160513 201605130130]
INFO [org.netbeans.core.netigso.Netigso]: bundle org.eclipse.osgi@3.9.1.v20140110-1610 started
INFO [org.netbeans.core.netigso.Netigso]: Cannot load service class
INFO [null]: Last record repeated 3 more times.
INFO [null]: Last record repeated 3 more times.
INFO [org.netbeans.modules.autoupdate.silentupdate]: Update found: Diablo2d-branding[com.se.sem4.group2.Diablo2d.branding/1.0]
INFO [org.netbeans.modules.autoupdate.silentupdate]: Update found: Npc[com.se.sem4.group2.Npc/1.0]
INFO [org.netbeans.modules.autoupdate.silentupdate]: Update found: Player[com.se.sem4.group2.Player/1.0]
INFO [org.netbeans.modules.autoupdate.silentupdate]: Update found: Collider[com.se.sem4.group2.Collider/1.0]
INFO [org.netbeans.modules.autoupdate.silentupdate]: Update found: Common[com.se.sem4.group2.Common/1.0]
INFO [org.netbeans.modules.autoupdate.silentupdate]: Update found: Silent Update[com.se.sem4.group2.SilentUpdate/1.0]
INFO [org.netbeans.modules.autoupdate.silentupdate]: Update found: Map[com.se.sem4.group2.Map/1.0]
INFO [org.netbeans.modules.autoupdate.silentupdate]: Update found: Core[com.se.sem4.group2.Core/1.0]
INFO [org.netbeans.modules.autoupdate.silentupdate]: Update found: Weapon[com.se.sem4.group2.Weapon/1.0]
INFO [org.netbeans.modules.autoupdate.silentupdate]: Update found: AI[com.se.sem4.group2.AI/1.0]
INFO [org.netbeans.core.netigso.Netigso]: Cannot load service class
INFO [org.netbeans.modules.autoupdate.services.InstallManager]: Declared target cluster diablo2d in Diablo2d-branding[com.se.sem4.group2.Diablo2d.branding/1.0] wasn't found or was read only. Will be used /Users/casperbeese/AsteroidsCasni14/application/target/asteroidsnetbeansmodules/extra
INFO [org.netbeans.modules.autoupdate.services.InstallManager]: Declared target cluster diablo2d in Npc[com.se.sem4.group2.Npc/1.0] wasn't found or was read only. Will be used /Users/casperbeese/AsteroidsCasni14/application/target/asteroidsnetbeansmodules/extra
INFO [org.netbeans.modules.autoupdate.services.InstallManager]: Declared target cluster diablo2d in Common[com.se.sem4.group2.Common/1.0] wasn't found or was read only. Will be used /Users/casperbeese/AsteroidsCasni14/application/target/asteroidsnetbeansmodules/extra
INFO [org.netbeans.modules.autoupdate.services.InstallManager]: Declared target cluster diablo2d in Player[com.se.sem4.group2.Player/1.0] wasn't found or was read only. Will be used /Users/casperbeese/AsteroidsCasni14/application/target/asteroidsnetbeansmodules/extra
INFO [org.netbeans.modules.autoupdate.services.InstallManager]: Declared target cluster diablo2d in Collider[com.se.sem4.group2.Collider/1.0] wasn't found or was read only. Will be used /Users/casperbeese/AsteroidsCasni14/application/target/asteroidsnetbeansmodules/extra
INFO [org.netbeans.modules.autoupdate.services.InstallManager]: Declared target cluster diablo2d in Silent Update[com.se.sem4.group2.SilentUpdate/1.0] wasn't found or was read only. Will be used /Users/casperbeese/AsteroidsCasni14/application/target/asteroidsnetbeansmodules/extra
INFO [org.netbeans.modules.autoupdate.services.InstallManager]: Declared target cluster diablo2d in Map[com.se.sem4.group2.Map/1.0] wasn't found or was read only. Will be used /Users/casperbeese/AsteroidsCasni14/application/target/asteroidsnetbeansmodules/extra
INFO [org.netbeans.modules.autoupdate.services.InstallManager]: Declared target cluster diablo2d in Core[com.se.sem4.group2.Core/1.0] wasn't found or was read only. Will be used /Users/casperbeese/AsteroidsCasni14/application/target/asteroidsnetbeansmodules/extra
INFO [org.netbeans.modules.autoupdate.services.InstallManager]: Declared target cluster diablo2d in Weapon[com.se.sem4.group2.Weapon/1.0] wasn't found or was read only. Will be used /Users/casperbeese/AsteroidsCasni14/application/target/asteroidsnetbeansmodules/extra
INFO [org.netbeans.modules.autoupdate.services.InstallManager]: Declared target cluster diablo2d in AI[com.se.sem4.group2.AI/1.0] wasn't found or was read only. Will be used /Users/casperbeese/AsteroidsCasni14/application/target/asteroidsnetbeansmodules/extra
INFO [org.netbeans.modules.autoupdate.services.InstallManager]: Declared target cluster diablo2d in Diablo2d-branding[com.se.sem4.group2.Diablo2d.branding/1.0] wasn't found or was read only. Will be used /Users/casperbeese/AsteroidsCasni14/application/target/asteroidsnetbeansmodules/extra
INFO [org.netbeans.modules.autoupdate.services.InstallManager]: Declared target cluster diablo2d in Npc[com.se.sem4.group2.Npc/1.0] wasn't found or was read only. Will be used /Users/casperbeese/AsteroidsCasni14/application/target/asteroidsnetbeansmodules/extra
INFO [org.netbeans.modules.autoupdate.services.InstallManager]: Declared target cluster diablo2d in Common[com.se.sem4.group2.Common/1.0] wasn't found or was read only. Will be used /Users/casperbeese/AsteroidsCasni14/application/target/asteroidsnetbeansmodules/extra
INFO [org.netbeans.modules.autoupdate.services.InstallManager]: Declared target cluster diablo2d in Player[com.se.sem4.group2.Player/1.0] wasn't found or was read only. Will be used /Users/casperbeese/AsteroidsCasni14/application/target/asteroidsnetbeansmodules/extra
INFO [org.netbeans.modules.autoupdate.services.InstallManager]: Declared target cluster diablo2d in Collider[com.se.sem4.group2.Collider/1.0] wasn't found or was read only. Will be used /Users/casperbeese/AsteroidsCasni14/application/target/asteroidsnetbeansmodules/extra
INFO [org.netbeans.modules.autoupdate.services.InstallManager]: Declared target cluster diablo2d in Silent Update[com.se.sem4.group2.SilentUpdate/1.0] wasn't found or was read only. Will be used /Users/casperbeese/AsteroidsCasni14/application/target/asteroidsnetbeansmodules/extra
INFO [org.netbeans.modules.autoupdate.services.InstallManager]: Declared target cluster diablo2d in Map[com.se.sem4.group2.Map/1.0] wasn't found or was read only. Will be used /Users/casperbeese/AsteroidsCasni14/application/target/asteroidsnetbeansmodules/extra
INFO [org.netbeans.modules.autoupdate.services.InstallManager]: Declared target cluster diablo2d in Core[com.se.sem4.group2.Core/1.0] wasn't found or was read only. Will be used /Users/casperbeese/AsteroidsCasni14/application/target/asteroidsnetbeansmodules/extra
INFO [org.netbeans.modules.autoupdate.services.InstallManager]: Declared target cluster diablo2d in Weapon[com.se.sem4.group2.Weapon/1.0] wasn't found or was read only. Will be used /Users/casperbeese/AsteroidsCasni14/application/target/asteroidsnetbeansmodules/extra
INFO [org.netbeans.modules.autoupdate.services.InstallManager]: Declared target cluster diablo2d in AI[com.se.sem4.group2.AI/1.0] wasn't found or was read only. Will be used /Users/casperbeese/AsteroidsCasni14/application/target/asteroidsnetbeansmodules/extra
INFO [org.netbeans.core.netigso.Netigso]: Cannot load service class
INFO [org.netbeans.updater]: 780: Unpacking com-se-sem4-group2-Diablo2d-branding.nbm
INFO [org.netbeans.updater]: File installed /Users/casperbeese/AsteroidsCasni14/application/target/asteroidsnetbeansmodules/extra/config/Modules/com-se-sem4-group2-Diablo2d-branding.xml@0
INFO [org.netbeans.updater]: Copied file netbeans/config/Modules/com-se-sem4-group2-Diablo2d-branding.xml to /Users/casperbeese/AsteroidsCasni14/application/target/asteroidsnetbeansmodules/extra/config/Modules/com-se-sem4-group2-Diablo2d-branding.xml
INFO [org.netbeans.updater]: File installed /Users/casperbeese/AsteroidsCasni14/application/target/asteroidsnetbeansmodules/extra/modules/com-se-sem4-group2-Diablo2d-branding.jar@0
INFO [org.netbeans.updater]: Copied file netbeans/modules/com-se-sem4-group2-Diablo2d-branding.jar to /Users/casperbeese/AsteroidsCasni14/application/target/asteroidsnetbeansmodules/extra/modules/com-se-sem4-group2-Diablo2d-branding.jar
INFO [org.netbeans.updater]: File /Users/casperbeese/AsteroidsCasni14/application/target/asteroidsnetbeansmodules/extra/update/download/com-se-sem4-group2-Diablo2d-branding.nbm deleted.
INFO [org.netbeans.updater]: Use XML Transformer: com.sun.org.apache.xalan.internal.xsltc.trax.TransformerImpl@78afb593
INFO [org.netbeans.updater]: File /Users/casperbeese/AsteroidsCasni14/application/target/asteroidsnetbeansmodules/extra/update_tracking/com-se-sem4-group2-Diablo2d-branding.xml modified.
INFO [org.netbeans.updater]: File installed /Users/casperbeese/AsteroidsCasni14/application/target/asteroidsnetbeansmodules/extra/update_tracking/com-se-sem4-group2-Diablo2d-branding.xml@0
INFO [org.netbeans.updater]: 780: Unpacking com-se-sem4-group2-Common.nbm
INFO [org.netbeans.updater]: File installed /Users/casperbeese/AsteroidsCasni14/application/target/asteroidsnetbeansmodules/extra/config/Modules/com-se-sem4-group2-Common.xml@0
INFO [org.netbeans.updater]: Copied file netbeans/config/Modules/com-se-sem4-group2-Common.xml to /Users/casperbeese/AsteroidsCasni14/application/target/asteroidsnetbeansmodules/extra/config/Modules/com-se-sem4-group2-Common.xml
INFO [org.netbeans.updater]: File installed /Users/casperbeese/AsteroidsCasni14/application/target/asteroidsnetbeansmodules/extra/modules/com-se-sem4-group2-Common.jar@0
INFO [org.netbeans.updater]: Copied file netbeans/modules/com-se-sem4-group2-Common.jar to /Users/casperbeese/AsteroidsCasni14/application/target/asteroidsnetbeansmodules/extra/modules/com-se-sem4-group2-Common.jar
INFO [org.netbeans.updater]: File /Users/casperbeese/AsteroidsCasni14/application/target/asteroidsnetbeansmodules/extra/update/download/com-se-sem4-group2-Common.nbm deleted.
INFO [org.netbeans.updater]: Use XML Transformer: com.sun.org.apache.xalan.internal.xsltc.trax.TransformerImpl@6a5adfe4
INFO [org.netbeans.updater]: File /Users/casperbeese/AsteroidsCasni14/application/target/asteroidsnetbeansmodules/extra/update_tracking/com-se-sem4-group2-Common.xml modified.
INFO [org.netbeans.updater]: File installed /Users/casperbeese/AsteroidsCasni14/application/target/asteroidsnetbeansmodules/extra/update_tracking/com-se-sem4-group2-Common.xml@0
INFO [org.netbeans.updater]: 780: Unpacking com-se-sem4-group2-Collider.nbm
INFO [org.netbeans.updater]: File installed /Users/casperbeese/AsteroidsCasni14/application/target/asteroidsnetbeansmodules/extra/config/Modules/com-se-sem4-group2-Collider.xml@0
INFO [org.netbeans.updater]: Copied file netbeans/config/Modules/com-se-sem4-group2-Collider.xml to /Users/casperbeese/AsteroidsCasni14/application/target/asteroidsnetbeansmodules/extra/config/Modules/com-se-sem4-group2-Collider.xml
INFO [org.netbeans.updater]: File installed /Users/casperbeese/AsteroidsCasni14/application/target/asteroidsnetbeansmodules/extra/modules/com-se-sem4-group2-Collider.jar@0
INFO [org.netbeans.updater]: Copied file netbeans/modules/com-se-sem4-group2-Collider.jar to /Users/casperbeese/AsteroidsCasni14/application/target/asteroidsnetbeansmodules/extra/modules/com-se-sem4-group2-Collider.jar
INFO [org.netbeans.updater]: File /Users/casperbeese/AsteroidsCasni14/application/target/asteroidsnetbeansmodules/extra/update/download/com-se-sem4-group2-Collider.nbm deleted.
INFO [org.netbeans.updater]: Use XML Transformer: com.sun.org.apache.xalan.internal.xsltc.trax.TransformerImpl@158ed342
INFO [org.netbeans.updater]: File /Users/casperbeese/AsteroidsCasni14/application/target/asteroidsnetbeansmodules/extra/update_tracking/com-se-sem4-group2-Collider.xml modified.
INFO [org.netbeans.updater]: File installed /Users/casperbeese/AsteroidsCasni14/application/target/asteroidsnetbeansmodules/extra/update_tracking/com-se-sem4-group2-Collider.xml@0
INFO [org.netbeans.updater]: 780: Unpacking com-se-sem4-group2-Weapon.nbm
INFO [org.netbeans.updater]: File installed /Users/casperbeese/AsteroidsCasni14/application/target/asteroidsnetbeansmodules/extra/config/Modules/com-se-sem4-group2-Weapon.xml@0
INFO [org.netbeans.updater]: Copied file netbeans/config/Modules/com-se-sem4-group2-Weapon.xml to /Users/casperbeese/AsteroidsCasni14/application/target/asteroidsnetbeansmodules/extra/config/Modules/com-se-sem4-group2-Weapon.xml
INFO [org.netbeans.updater]: File installed /Users/casperbeese/AsteroidsCasni14/application/target/asteroidsnetbeansmodules/extra/modules/com-se-sem4-group2-Weapon.jar@0
INFO [org.netbeans.updater]: Copied file netbeans/modules/com-se-sem4-group2-Weapon.jar to /Users/casperbeese/AsteroidsCasni14/application/target/asteroidsnetbeansmodules/extra/modules/com-se-sem4-group2-Weapon.jar
INFO [org.netbeans.updater]: File /Users/casperbeese/AsteroidsCasni14/application/target/asteroidsnetbeansmodules/extra/update/download/com-se-sem4-group2-Weapon.nbm deleted.
INFO [org.netbeans.updater]: Use XML Transformer: com.sun.org.apache.xalan.internal.xsltc.trax.TransformerImpl@61a2eb1b
INFO [org.netbeans.updater]: File /Users/casperbeese/AsteroidsCasni14/application/target/asteroidsnetbeansmodules/extra/update_tracking/com-se-sem4-group2-Weapon.xml modified.
INFO [org.netbeans.updater]: File installed /Users/casperbeese/AsteroidsCasni14/application/target/asteroidsnetbeansmodules/extra/update_tracking/com-se-sem4-group2-Weapon.xml@0
INFO [org.netbeans.updater]: 780: Unpacking com-se-sem4-group2-Npc.nbm
INFO [org.netbeans.updater]: File installed /Users/casperbeese/AsteroidsCasni14/application/target/asteroidsnetbeansmodules/extra/config/Modules/com-se-sem4-group2-Npc.xml@0
INFO [org.netbeans.updater]: Copied file netbeans/config/Modules/com-se-sem4-group2-Npc.xml to /Users/casperbeese/AsteroidsCasni14/application/target/asteroidsnetbeansmodules/extra/config/Modules/com-se-sem4-group2-Npc.xml
INFO [org.netbeans.updater]: File installed /Users/casperbeese/AsteroidsCasni14/application/target/asteroidsnetbeansmodules/extra/modules/com-se-sem4-group2-Npc.jar@0
INFO [org.netbeans.updater]: Copied file netbeans/modules/com-se-sem4-group2-Npc.jar to /Users/casperbeese/AsteroidsCasni14/application/target/asteroidsnetbeansmodules/extra/modules/com-se-sem4-group2-Npc.jar
INFO [org.netbeans.updater]: File /Users/casperbeese/AsteroidsCasni14/application/target/asteroidsnetbeansmodules/extra/update/download/com-se-sem4-group2-Npc.nbm deleted.
INFO [org.netbeans.updater]: Use XML Transformer: com.sun.org.apache.xalan.internal.xsltc.trax.TransformerImpl@121f7841
INFO [org.netbeans.updater]: File /Users/casperbeese/AsteroidsCasni14/application/target/asteroidsnetbeansmodules/extra/update_tracking/com-se-sem4-group2-Npc.xml modified.
INFO [org.netbeans.updater]: File installed /Users/casperbeese/AsteroidsCasni14/application/target/asteroidsnetbeansmodules/extra/update_tracking/com-se-sem4-group2-Npc.xml@0
INFO [org.netbeans.updater]: 780: Unpacking com-se-sem4-group2-Player.nbm
INFO [org.netbeans.updater]: File installed /Users/casperbeese/AsteroidsCasni14/application/target/asteroidsnetbeansmodules/extra/config/Modules/com-se-sem4-group2-Player.xml@0
INFO [org.netbeans.updater]: Copied file netbeans/config/Modules/com-se-sem4-group2-Player.xml to /Users/casperbeese/AsteroidsCasni14/application/target/asteroidsnetbeansmodules/extra/config/Modules/com-se-sem4-group2-Player.xml
INFO [org.netbeans.updater]: File installed /Users/casperbeese/AsteroidsCasni14/application/target/asteroidsnetbeansmodules/extra/modules/com-se-sem4-group2-Player.jar@0
INFO [org.netbeans.updater]: Copied file netbeans/modules/com-se-sem4-group2-Player.jar to /Users/casperbeese/AsteroidsCasni14/application/target/asteroidsnetbeansmodules/extra/modules/com-se-sem4-group2-Player.jar
INFO [org.netbeans.updater]: File /Users/casperbeese/AsteroidsCasni14/application/target/asteroidsnetbeansmodules/extra/update/download/com-se-sem4-group2-Player.nbm deleted.
INFO [org.netbeans.updater]: Use XML Transformer: com.sun.org.apache.xalan.internal.xsltc.trax.TransformerImpl@70713ec
INFO [org.netbeans.updater]: File /Users/casperbeese/AsteroidsCasni14/application/target/asteroidsnetbeansmodules/extra/update_tracking/com-se-sem4-group2-Player.xml modified.
INFO [org.netbeans.updater]: File installed /Users/casperbeese/AsteroidsCasni14/application/target/asteroidsnetbeansmodules/extra/update_tracking/com-se-sem4-group2-Player.xml@0
INFO [org.netbeans.updater]: 780: Unpacking com-se-sem4-group2-AI.nbm
INFO [org.netbeans.updater]: File installed /Users/casperbeese/AsteroidsCasni14/application/target/asteroidsnetbeansmodules/extra/config/Modules/com-se-sem4-group2-AI.xml@0
INFO [org.netbeans.updater]: Copied file netbeans/config/Modules/com-se-sem4-group2-AI.xml to /Users/casperbeese/AsteroidsCasni14/application/target/asteroidsnetbeansmodules/extra/config/Modules/com-se-sem4-group2-AI.xml
INFO [org.netbeans.updater]: File installed /Users/casperbeese/AsteroidsCasni14/application/target/asteroidsnetbeansmodules/extra/modules/com-se-sem4-group2-AI.jar@0
INFO [org.netbeans.updater]: Copied file netbeans/modules/com-se-sem4-group2-AI.jar to /Users/casperbeese/AsteroidsCasni14/application/target/asteroidsnetbeansmodules/extra/modules/com-se-sem4-group2-AI.jar
INFO [org.netbeans.updater]: File /Users/casperbeese/AsteroidsCasni14/application/target/asteroidsnetbeansmodules/extra/update/download/com-se-sem4-group2-AI.nbm deleted.
INFO [org.netbeans.updater]: Use XML Transformer: com.sun.org.apache.xalan.internal.xsltc.trax.TransformerImpl@579a1364
INFO [org.netbeans.updater]: File /Users/casperbeese/AsteroidsCasni14/application/target/asteroidsnetbeansmodules/extra/update_tracking/com-se-sem4-group2-AI.xml modified.
INFO [org.netbeans.updater]: File installed /Users/casperbeese/AsteroidsCasni14/application/target/asteroidsnetbeansmodules/extra/update_tracking/com-se-sem4-group2-AI.xml@0
INFO [org.netbeans.updater]: 780: Unpacking com-se-sem4-group2-SilentUpdate.nbm
INFO [org.netbeans.updater]: File installed /Users/casperbeese/AsteroidsCasni14/application/target/asteroidsnetbeansmodules/extra/config/Modules/com-se-sem4-group2-SilentUpdate.xml@0
INFO [org.netbeans.updater]: Copied file netbeans/config/Modules/com-se-sem4-group2-SilentUpdate.xml to /Users/casperbeese/AsteroidsCasni14/application/target/asteroidsnetbeansmodules/extra/config/Modules/com-se-sem4-group2-SilentUpdate.xml
INFO [org.netbeans.updater]: File installed /Users/casperbeese/AsteroidsCasni14/application/target/asteroidsnetbeansmodules/extra/modules/com-se-sem4-group2-SilentUpdate.jar@0
INFO [org.netbeans.updater]: Copied file netbeans/modules/com-se-sem4-group2-SilentUpdate.jar to /Users/casperbeese/AsteroidsCasni14/application/target/asteroidsnetbeansmodules/extra/modules/com-se-sem4-group2-SilentUpdate.jar
INFO [org.netbeans.updater]: File /Users/casperbeese/AsteroidsCasni14/application/target/asteroidsnetbeansmodules/extra/update/download/com-se-sem4-group2-SilentUpdate.nbm deleted.
INFO [org.netbeans.updater]: Use XML Transformer: com.sun.org.apache.xalan.internal.xsltc.trax.TransformerImpl@b82c608
INFO [org.netbeans.updater]: File /Users/casperbeese/AsteroidsCasni14/application/target/asteroidsnetbeansmodules/extra/update_tracking/com-se-sem4-group2-SilentUpdate.xml modified.
INFO [org.netbeans.updater]: File installed /Users/casperbeese/AsteroidsCasni14/application/target/asteroidsnetbeansmodules/extra/update_tracking/com-se-sem4-group2-SilentUpdate.xml@0
INFO [org.netbeans.updater]: 780: Unpacking com-se-sem4-group2-Map.nbm
INFO [org.netbeans.updater]: File installed /Users/casperbeese/AsteroidsCasni14/application/target/asteroidsnetbeansmodules/extra/config/Modules/com-se-sem4-group2-Map.xml@0
INFO [org.netbeans.updater]: Copied file netbeans/config/Modules/com-se-sem4-group2-Map.xml to /Users/casperbeese/AsteroidsCasni14/application/target/asteroidsnetbeansmodules/extra/config/Modules/com-se-sem4-group2-Map.xml
INFO [org.netbeans.updater]: File installed /Users/casperbeese/AsteroidsCasni14/application/target/asteroidsnetbeansmodules/extra/modules/com-se-sem4-group2-Map.jar@0
INFO [org.netbeans.updater]: Copied file netbeans/modules/com-se-sem4-group2-Map.jar to /Users/casperbeese/AsteroidsCasni14/application/target/asteroidsnetbeansmodules/extra/modules/com-se-sem4-group2-Map.jar
INFO [org.netbeans.updater]: File /Users/casperbeese/AsteroidsCasni14/application/target/asteroidsnetbeansmodules/extra/update/download/com-se-sem4-group2-Map.nbm deleted.
INFO [org.netbeans.updater]: Use XML Transformer: com.sun.org.apache.xalan.internal.xsltc.trax.TransformerImpl@28feb136
INFO [org.netbeans.updater]: File /Users/casperbeese/AsteroidsCasni14/application/target/asteroidsnetbeansmodules/extra/update_tracking/com-se-sem4-group2-Map.xml modified.
INFO [org.netbeans.updater]: File installed /Users/casperbeese/AsteroidsCasni14/application/target/asteroidsnetbeansmodules/extra/update_tracking/com-se-sem4-group2-Map.xml@0
INFO [org.netbeans.updater]: 780: Unpacking com-se-sem4-group2-Core.nbm
INFO [org.netbeans.updater]: File installed /Users/casperbeese/AsteroidsCasni14/application/target/asteroidsnetbeansmodules/extra/config/Modules/com-se-sem4-group2-Core.xml@0
INFO [org.netbeans.updater]: Copied file netbeans/config/Modules/com-se-sem4-group2-Core.xml to /Users/casperbeese/AsteroidsCasni14/application/target/asteroidsnetbeansmodules/extra/config/Modules/com-se-sem4-group2-Core.xml
INFO [org.netbeans.updater]: File installed /Users/casperbeese/AsteroidsCasni14/application/target/asteroidsnetbeansmodules/extra/modules/com-se-sem4-group2-Core.jar@0
INFO [org.netbeans.updater]: Copied file netbeans/modules/com-se-sem4-group2-Core.jar to /Users/casperbeese/AsteroidsCasni14/application/target/asteroidsnetbeansmodules/extra/modules/com-se-sem4-group2-Core.jar
INFO [org.netbeans.updater]: File installed /Users/casperbeese/AsteroidsCasni14/application/target/asteroidsnetbeansmodules/extra/modules/ext/com.se.sem4.group2.Core/com-badlogicgames-gdx/gdx-backend-lwjgl.jar@0
INFO [org.netbeans.updater]: Copied file netbeans/modules/ext/com.se.sem4.group2.Core/com-badlogicgames-gdx/gdx-backend-lwjgl.jar to /Users/casperbeese/AsteroidsCasni14/application/target/asteroidsnetbeansmodules/extra/modules/ext/com.se.sem4.group2.Core/com-badlogicgames-gdx/gdx-backend-lwjgl.jar
INFO [org.netbeans.updater]: File installed /Users/casperbeese/AsteroidsCasni14/application/target/asteroidsnetbeansmodules/extra/modules/ext/com.se.sem4.group2.Core/com-badlogicgames-gdx/gdx-box2d-platform-natives-desktop.jar@0
INFO [org.netbeans.updater]: Copied file netbeans/modules/ext/com.se.sem4.group2.Core/com-badlogicgames-gdx/gdx-box2d-platform-natives-desktop.jar to /Users/casperbeese/AsteroidsCasni14/application/target/asteroidsnetbeansmodules/extra/modules/ext/com.se.sem4.group2.Core/com-badlogicgames-gdx/gdx-box2d-platform-natives-desktop.jar
INFO [org.netbeans.updater]: File installed /Users/casperbeese/AsteroidsCasni14/application/target/asteroidsnetbeansmodules/extra/modules/ext/com.se.sem4.group2.Core/com-badlogicgames-gdx/gdx-box2d.jar@0
INFO [org.netbeans.updater]: Copied file netbeans/modules/ext/com.se.sem4.group2.Core/com-badlogicgames-gdx/gdx-box2d.jar to /Users/casperbeese/AsteroidsCasni14/application/target/asteroidsnetbeansmodules/extra/modules/ext/com.se.sem4.group2.Core/com-badlogicgames-gdx/gdx-box2d.jar
INFO [org.netbeans.updater]: File installed /Users/casperbeese/AsteroidsCasni14/application/target/asteroidsnetbeansmodules/extra/modules/ext/com.se.sem4.group2.Core/com-badlogicgames-gdx/gdx-controllers.jar@0
INFO [org.netbeans.updater]: Copied file netbeans/modules/ext/com.se.sem4.group2.Core/com-badlogicgames-gdx/gdx-controllers.jar to /Users/casperbeese/AsteroidsCasni14/application/target/asteroidsnetbeansmodules/extra/modules/ext/com.se.sem4.group2.Core/com-badlogicgames-gdx/gdx-controllers.jar
INFO [org.netbeans.updater]: File installed /Users/casperbeese/AsteroidsCasni14/application/target/asteroidsnetbeansmodules/extra/modules/ext/com.se.sem4.group2.Core/com-badlogicgames-gdx/gdx-freetype-platform-natives-desktop.jar@0
INFO [org.netbeans.updater]: Copied file netbeans/modules/ext/com.se.sem4.group2.Core/com-badlogicgames-gdx/gdx-freetype-platform-natives-desktop.jar to /Users/casperbeese/AsteroidsCasni14/application/target/asteroidsnetbeansmodules/extra/modules/ext/com.se.sem4.group2.Core/com-badlogicgames-gdx/gdx-freetype-platform-natives-desktop.jar
INFO [org.netbeans.updater]: File installed /Users/casperbeese/AsteroidsCasni14/application/target/asteroidsnetbeansmodules/extra/modules/ext/com.se.sem4.group2.Core/com-badlogicgames-gdx/gdx-freetype.jar@0
INFO [org.netbeans.updater]: Copied file netbeans/modules/ext/com.se.sem4.group2.Core/com-badlogicgames-gdx/gdx-freetype.jar to /Users/casperbeese/AsteroidsCasni14/application/target/asteroidsnetbeansmodules/extra/modules/ext/com.se.sem4.group2.Core/com-badlogicgames-gdx/gdx-freetype.jar
INFO [org.netbeans.updater]: File installed /Users/casperbeese/AsteroidsCasni14/application/target/asteroidsnetbeansmodules/extra/modules/ext/com.se.sem4.group2.Core/com-badlogicgames-gdx/gdx-platform-natives-desktop.jar@0
INFO [org.netbeans.updater]: Copied file netbeans/modules/ext/com.se.sem4.group2.Core/com-badlogicgames-gdx/gdx-platform-natives-desktop.jar to /Users/casperbeese/AsteroidsCasni14/application/target/asteroidsnetbeansmodules/extra/modules/ext/com.se.sem4.group2.Core/com-badlogicgames-gdx/gdx-platform-natives-desktop.jar
INFO [org.netbeans.updater]: File installed /Users/casperbeese/AsteroidsCasni14/application/target/asteroidsnetbeansmodules/extra/modules/ext/com.se.sem4.group2.Core/com-badlogicgames-gdx/gdx.jar@0
INFO [org.netbeans.updater]: Copied file netbeans/modules/ext/com.se.sem4.group2.Core/com-badlogicgames-gdx/gdx.jar to /Users/casperbeese/AsteroidsCasni14/application/target/asteroidsnetbeansmodules/extra/modules/ext/com.se.sem4.group2.Core/com-badlogicgames-gdx/gdx.jar
INFO [org.netbeans.updater]: File installed /Users/casperbeese/AsteroidsCasni14/application/target/asteroidsnetbeansmodules/extra/modules/ext/com.se.sem4.group2.Core/com-badlogicgames-jlayer/jlayer.jar@0
INFO [org.netbeans.updater]: Copied file netbeans/modules/ext/com.se.sem4.group2.Core/com-badlogicgames-jlayer/jlayer.jar to /Users/casperbeese/AsteroidsCasni14/application/target/asteroidsnetbeansmodules/extra/modules/ext/com.se.sem4.group2.Core/com-badlogicgames-jlayer/jlayer.jar
INFO [org.netbeans.updater]: File installed /Users/casperbeese/AsteroidsCasni14/application/target/asteroidsnetbeansmodules/extra/modules/ext/com.se.sem4.group2.Core/net-java-jinput/jinput.jar@0
INFO [org.netbeans.updater]: Copied file netbeans/modules/ext/com.se.sem4.group2.Core/net-java-jinput/jinput.jar to /Users/casperbeese/AsteroidsCasni14/application/target/asteroidsnetbeansmodules/extra/modules/ext/com.se.sem4.group2.Core/net-java-jinput/jinput.jar
INFO [org.netbeans.updater]: File installed /Users/casperbeese/AsteroidsCasni14/application/target/asteroidsnetbeansmodules/extra/modules/ext/com.se.sem4.group2.Core/net-java-jutils/jutils.jar@0
INFO [org.netbeans.updater]: Copied file netbeans/modules/ext/com.se.sem4.group2.Core/net-java-jutils/jutils.jar to /Users/casperbeese/AsteroidsCasni14/application/target/asteroidsnetbeansmodules/extra/modules/ext/com.se.sem4.group2.Core/net-java-jutils/jutils.jar
INFO [org.netbeans.updater]: File installed /Users/casperbeese/AsteroidsCasni14/application/target/asteroidsnetbeansmodules/extra/modules/ext/com.se.sem4.group2.Core/org-jcraft/jorbis.jar@0
INFO [org.netbeans.updater]: Copied file netbeans/modules/ext/com.se.sem4.group2.Core/org-jcraft/jorbis.jar to /Users/casperbeese/AsteroidsCasni14/application/target/asteroidsnetbeansmodules/extra/modules/ext/com.se.sem4.group2.Core/org-jcraft/jorbis.jar
INFO [org.netbeans.updater]: File installed /Users/casperbeese/AsteroidsCasni14/application/target/asteroidsnetbeansmodules/extra/modules/ext/com.se.sem4.group2.Core/org-lwjgl-lwjgl/lwjgl-platform-natives-linux.jar@0
INFO [org.netbeans.updater]: Copied file netbeans/modules/ext/com.se.sem4.group2.Core/org-lwjgl-lwjgl/lwjgl-platform-natives-linux.jar to /Users/casperbeese/AsteroidsCasni14/application/target/asteroidsnetbeansmodules/extra/modules/ext/com.se.sem4.group2.Core/org-lwjgl-lwjgl/lwjgl-platform-natives-linux.jar
INFO [org.netbeans.updater]: File installed /Users/casperbeese/AsteroidsCasni14/application/target/asteroidsnetbeansmodules/extra/modules/ext/com.se.sem4.group2.Core/org-lwjgl-lwjgl/lwjgl-platform-natives-osx.jar@0
INFO [org.netbeans.updater]: Copied file netbeans/modules/ext/com.se.sem4.group2.Core/org-lwjgl-lwjgl/lwjgl-platform-natives-osx.jar to /Users/casperbeese/AsteroidsCasni14/application/target/asteroidsnetbeansmodules/extra/modules/ext/com.se.sem4.group2.Core/org-lwjgl-lwjgl/lwjgl-platform-natives-osx.jar
INFO [org.netbeans.updater]: File installed /Users/casperbeese/AsteroidsCasni14/application/target/asteroidsnetbeansmodules/extra/modules/ext/com.se.sem4.group2.Core/org-lwjgl-lwjgl/lwjgl-platform-natives-windows.jar@0
INFO [org.netbeans.updater]: Copied file netbeans/modules/ext/com.se.sem4.group2.Core/org-lwjgl-lwjgl/lwjgl-platform-natives-windows.jar to /Users/casperbeese/AsteroidsCasni14/application/target/asteroidsnetbeansmodules/extra/modules/ext/com.se.sem4.group2.Core/org-lwjgl-lwjgl/lwjgl-platform-natives-windows.jar
INFO [org.netbeans.updater]: File installed /Users/casperbeese/AsteroidsCasni14/application/target/asteroidsnetbeansmodules/extra/modules/ext/com.se.sem4.group2.Core/org-lwjgl-lwjgl/lwjgl.jar@0
INFO [org.netbeans.updater]: Copied file netbeans/modules/ext/com.se.sem4.group2.Core/org-lwjgl-lwjgl/lwjgl.jar to /Users/casperbeese/AsteroidsCasni14/application/target/asteroidsnetbeansmodules/extra/modules/ext/com.se.sem4.group2.Core/org-lwjgl-lwjgl/lwjgl.jar
INFO [org.netbeans.updater]: File installed /Users/casperbeese/AsteroidsCasni14/application/target/asteroidsnetbeansmodules/extra/modules/ext/com.se.sem4.group2.Core/org-lwjgl-lwjgl/lwjgl_util.jar@0
INFO [org.netbeans.updater]: Copied file netbeans/modules/ext/com.se.sem4.group2.Core/org-lwjgl-lwjgl/lwjgl_util.jar to /Users/casperbeese/AsteroidsCasni14/application/target/asteroidsnetbeansmodules/extra/modules/ext/com.se.sem4.group2.Core/org-lwjgl-lwjgl/lwjgl_util.jar
INFO [org.netbeans.updater]: File /Users/casperbeese/AsteroidsCasni14/application/target/asteroidsnetbeansmodules/extra/update/download/com-se-sem4-group2-Core.nbm deleted.
INFO [org.netbeans.updater]: Use XML Transformer: com.sun.org.apache.xalan.internal.xsltc.trax.TransformerImpl@5548a5f7
INFO [org.netbeans.updater]: File /Users/casperbeese/AsteroidsCasni14/application/target/asteroidsnetbeansmodules/extra/update_tracking/com-se-sem4-group2-Core.xml modified.
INFO [org.netbeans.updater]: File installed /Users/casperbeese/AsteroidsCasni14/application/target/asteroidsnetbeansmodules/extra/update_tracking/com-se-sem4-group2-Core.xml@0
INFO [org.netbeans.updater]: File /Users/casperbeese/AsteroidsCasni14/application/target/asteroidsnetbeansmodules/extra/update/download/additional_information.xml deleted.
